[2026-02-11--16-11-52 INFO actix_server::builder] starting 5 workers
[2026-02-11--16-11-52 INFO actix_server::server] Tokio runtime found; starting in existing Tokio runtime
[2026-02-11--16-11-52 INFO actix_server::server] starting service: "actix-web-service-127.0.0.1:18488", workers: 5, listening on: 127.0.0.1:18488
[2026-02-11--16-11-53 INFO parity_ws] Listening for new connections on 127.0.0.1:8900.
[2026-02-11--16-11-54 INFO txtx::svm::deploy_program] [Recovery Instructions] - An ephemeral authority account will be created and funded to write to the buffer account.
[2026-02-11--16-11-54 INFO txtx::svm::deploy_program] [Recovery Instructions] - Please save the following information in case the deployment fails and the account needs to be recovered:
[2026-02-11--16-11-54 INFO txtx::svm::deploy_program] [Recovery Instructions] - Ephemeral authority public key: 639bneJMv5TjZHvrrQmDvA8k95AbTHuzFPYeSvhizP6Q
[2026-02-11--16-11-54 INFO txtx::svm::deploy_program] [Recovery Instructions] - Ephemeral authority secret key: [196, 230, 102, 81, 220, 85, 76, 16, 229, 71, 101, 170, 42, 118, 122, 122, 215, 100, 190, 13, 94, 195, 93, 36, 30, 116, 24, 12, 131, 94, 140, 22, 74, 215, 81, 238, 145, 73, 207, 23, 128, 69, 87, 85, 54, 49, 202, 9, 68, 149, 137, 225, 65, 162, 183, 250, 146, 118, 40, 160, 133, 81, 226, 137]
[2026-02-11--16-11-55 INFO txtx::svm::deploy_program] Account Created - Ephemeral authority account created and funded to write to buffer
[2026-02-11--16-11-55 INFO txtx::svm::deploy_program] [Recovery Instructions] - Creating program buffer account at pubkey 28fkBUM1NcGuktTpkPTyriCRKcjTucVXQJLPmgGMm8A7
[2026-02-11--16-11-56 INFO txtx::svm::deploy_program] Account Created - Program buffer account created
[2026-02-11--16-12-00 INFO txtx::svm::deploy_program] Buffer Ready - Writing to buffer account is complete
[2026-02-11--16-12-01 INFO txtx::svm::deploy_program] Program Created - Program GQsPhnZApw9MY7khsbRLtL5mAGpmMn8wp8CFNDPTxGQr has been deployed
[2026-02-11--16-12-02 INFO txtx::svm::deploy_program] Complete - Ephemeral authority account closed and leftover funds returned to payer
[2026-02-11--16-12-22 INFO actix_server::worker] shutting down idle worker
[2026-02-11--16-12-22 INFO actix_server::worker] shutting down idle worker
[2026-02-11--16-12-22 INFO actix_server::worker] shutting down idle worker
[2026-02-11--16-12-22 INFO actix_server::worker] shutting down idle worker
[2026-02-11--16-12-22 INFO actix_server::worker] shutting down idle worker
[2026-02-11--16-12-22 INFO actix_server::accept] accept thread stopped
